app/build/intermediates/manifest_merge_blame_file/debug/processDebugMainManifest/manifest-merger-blame-debug-report.txt
1<?xml version="1.0" encoding="utf-8"?>
2<manifest xmlns:android="http://schemas.android.com/apk/res/android"
3    package="com.example.runningbeat"
4    android:versionCode="1"
5    android:versionName="1.0" >
6
7    <uses-sdk
7-->INJECTED
8        android:minSdkVersion="26"
8-->INJECTED
9        android:targetSdkVersion="35" />
9-->INJECTED
10
11    <uses-permission android:name="android.permission.INTERNET" />
11-->src\main\AndroidManifest.xml:5:5-67
11-->src\main\AndroidManifest.xml:5:22-64
12    <uses-permission android:name="android.permission.FOREGROUND_SERVICE" />
12-->src\main\AndroidManifest.xml:6:5-77
12-->src\main\AndroidManifest.xml:6:22-74
13    <uses-permission android:name="android.permission.FOREGROUND_SERVICE_SPECIAL_USE" />
13-->src\main\AndroidManifest.xml:7:5-89
13-->src\main\AndroidManifest.xml:7:22-86
14    <uses-permission android:name="android.permission.ACTIVITY_RECOGNITION" />
14-->src\main\AndroidManifest.xml:8:5-79
14-->src\main\AndroidManifest.xml:8:22-76
15    <uses-permission android:name="android.permission.POST_NOTIFICATIONS" />
15-->src\main\AndroidManifest.xml:9:5-77
15-->src\main\AndroidManifest.xml:9:22-74
16
17    <queries>
17-->[spotify-app-remote-release-0.8.0.aar] AndroidManifest.xml:27:5-32:15
18        <package android:name="com.spotify.music" />
18-->[spotify-app-remote-release-0.8.0.aar] AndroidManifest.xml:28:9-53
18-->[spotify-app-remote-release-0.8.0.aar] AndroidManifest.xml:28:18-50
19        <package android:name="com.spotify.music.debug" />
19-->[spotify-app-remote-release-0.8.0.aar] AndroidManifest.xml:29:9-59
19-->[spotify-app-remote-release-0.8.0.aar] AndroidManifest.xml:29:18-56
20        <package android:name="com.spotify.music.canary" />
20-->[spotify-app-remote-release-0.8.0.aar] AndroidManifest.xml:30:9-60
20-->[spotify-app-remote-release-0.8.0.aar] AndroidManifest.xml:30:18-57
21        <package android:name="com.spotify.music.partners" />
21-->[spotify-app-remote-release-0.8.0.aar] AndroidManifest.xml:31:9-62
21-->[spotify-app-remote-release-0.8.0.aar] AndroidManifest.xml:31:18-59
22
23        <intent>
23-->[com.spotify.android:auth:2.1.0] AndroidManifest.xml:37:9-41:18
24            <action android:name="com.spotify.sso.action.START_AUTH_FLOW" />
24-->[com.spotify.android:auth:2.1.0] AndroidManifest.xml:38:13-77
24-->[com.spotify.android:auth:2.1.0] AndroidManifest.xml:38:21-74
25
26            <data android:mimeType="text/plain" />
26-->src\main\AndroidManifest.xml:48:17-50:54
27        </intent>
28        <intent>
28-->[com.spotify.android:auth:2.1.0] AndroidManifest.xml:42:9-44:18
29            <action android:name="android.support.customtabs.action.CustomTabsService" />
29-->[com.spotify.android:auth:2.1.0] AndroidManifest.xml:43:13-90
29-->[com.spotify.android:auth:2.1.0] AndroidManifest.xml:43:21-87
30        </intent>
31    </queries>
32
33    <permission
33-->[androidx.core:core:1.16.0] AndroidManifest.xml:22:5-24:47
34        android:name="com.example.runningbeat.DYNAMIC_RECEIVER_NOT_EXPORTED_PERMISSION"
34-->[androidx.core:core:1.16.0] AndroidManifest.xml:23:9-81
35        android:protectionLevel="signature" />
35-->[androidx.core:core:1.16.0] AndroidManifest.xml:24:9-44
36
37    <uses-permission android:name="com.example.runningbeat.DYNAMIC_RECEIVER_NOT_EXPORTED_PERMISSION" />
37-->[androidx.core:core:1.16.0] AndroidManifest.xml:26:5-97
37-->[androidx.core:core:1.16.0] AndroidManifest.xml:26:22-94
38
39    <application
39-->src\main\AndroidManifest.xml:11:5-54:19
40        android:allowBackup="true"
40-->src\main\AndroidManifest.xml:12:9-35
41        android:appComponentFactory="androidx.core.app.CoreComponentFactory"
41-->[androidx.core:core:1.16.0] AndroidManifest.xml:28:18-86
42        android:debuggable="true"
43        android:extractNativeLibs="false"
43-->INJECTED
44        android:icon="@mipmap/ic_launcher"
44-->src\main\AndroidManifest.xml:13:9-43
45        android:label="@string/app_name"
45-->src\main\AndroidManifest.xml:14:9-41
46        android:roundIcon="@mipmap/ic_launcher_round"
46-->src\main\AndroidManifest.xml:15:9-54
47        android:supportsRtl="true"
47-->src\main\AndroidManifest.xml:16:9-35
48        android:theme="@style/Theme.RunningBeat" >
48-->src\main\AndroidManifest.xml:17:9-49
49        <activity
49-->src\main\AndroidManifest.xml:20:9-27:20
50            android:name="com.example.runningbeat.ui.MainActivity"
50-->src\main\AndroidManifest.xml:21:13-44
51            android:exported="true" >
51-->src\main\AndroidManifest.xml:22:13-36
52            <intent-filter>
52-->src\main\AndroidManifest.xml:23:13-26:29
53                <action android:name="android.intent.action.MAIN" />
53-->src\main\AndroidManifest.xml:24:17-69
53-->src\main\AndroidManifest.xml:24:25-66
54
55                <category android:name="android.intent.category.LAUNCHER" />
55-->src\main\AndroidManifest.xml:25:17-77
55-->src\main\AndroidManifest.xml:25:27-74
56            </intent-filter>
57        </activity>
58
59        <service
59-->src\main\AndroidManifest.xml:29:9-37:19
60            android:name="com.example.runningbeat.service.StepTrackerService"
60-->src\main\AndroidManifest.xml:30:13-55
61            android:enabled="true"
61-->src\main\AndroidManifest.xml:31:13-35
62            android:exported="false"
62-->src\main\AndroidManifest.xml:32:13-37
63            android:foregroundServiceType="specialUse" >
63-->src\main\AndroidManifest.xml:33:13-55
64            <property
64-->src\main\AndroidManifest.xml:35:13-36:78
65                android:name="android.app.PROPERTY_SPECIAL_USE_FGS_SUBTYPE"
65-->src\main\AndroidManifest.xml:35:23-82
66                android:value="tracking cadence for running beat matching" />
66-->src\main\AndroidManifest.xml:36:17-75
67        </service>
68
69        <activity
69-->src\main\AndroidManifest.xml:39:9-52:20
70            android:name="com.spotify.sdk.android.auth.LoginActivity"
70-->src\main\AndroidManifest.xml:40:13-70
71            android:exported="true"
71-->src\main\AndroidManifest.xml:42:13-36
72            android:theme="@android:style/Theme.Translucent.NoTitleBar" >
72-->src\main\AndroidManifest.xml:43:13-72
73            <intent-filter>
73-->src\main\AndroidManifest.xml:44:13-51:29
74                <action android:name="android.intent.action.VIEW" />
74-->src\main\AndroidManifest.xml:45:17-69
74-->src\main\AndroidManifest.xml:45:25-66
75
76                <category android:name="android.intent.category.DEFAULT" />
76-->src\main\AndroidManifest.xml:46:17-76
76-->src\main\AndroidManifest.xml:46:27-73
77                <category android:name="android.intent.category.BROWSABLE" />
77-->src\main\AndroidManifest.xml:47:17-78
77-->src\main\AndroidManifest.xml:47:27-75
78
79                <data
79-->src\main\AndroidManifest.xml:48:17-50:54
80                    android:host="callback"
80-->src\main\AndroidManifest.xml:49:21-44
81                    android:scheme="cadencerunner" />
81-->src\main\AndroidManifest.xml:50:21-51
82            </intent-filter>
83        </activity>
84
85        <service
85-->[androidx.room:room-runtime-android:2.8.4] AndroidManifest.xml:24:9-28:63
86            android:name="androidx.room.MultiInstanceInvalidationService"
86-->[androidx.room:room-runtime-android:2.8.4] AndroidManifest.xml:25:13-74
87            android:directBootAware="true"
87-->[androidx.room:room-runtime-android:2.8.4] AndroidManifest.xml:26:13-43
88            android:exported="false" />
88-->[androidx.room:room-runtime-android:2.8.4] AndroidManifest.xml:27:13-37
89
90        <activity
90-->[androidx.compose.ui:ui-tooling-android:1.10.4] AndroidManifest.xml:23:9-25:39
91            android:name="androidx.compose.ui.tooling.PreviewActivity"
91-->[androidx.compose.ui:ui-tooling-android:1.10.4] AndroidManifest.xml:24:13-71
92            android:exported="true" />
92-->[androidx.compose.ui:ui-tooling-android:1.10.4] AndroidManifest.xml:25:13-36
93        <activity
93-->[androidx.compose.ui:ui-test-manifest:1.10.4] AndroidManifest.xml:23:9-26:79
94            android:name="androidx.activity.ComponentActivity"
94-->[androidx.compose.ui:ui-test-manifest:1.10.4] AndroidManifest.xml:24:13-63
95            android:exported="true"
95-->[androidx.compose.ui:ui-test-manifest:1.10.4] AndroidManifest.xml:25:13-36
96            android:theme="@android:style/Theme.Material.Light.NoActionBar" />
96-->[androidx.compose.ui:ui-test-manifest:1.10.4] AndroidManifest.xml:26:13-76
97
98        <provider
98-->[androidx.emoji2:emoji2:1.4.0] AndroidManifest.xml:24:9-32:20
99            android:name="androidx.startup.InitializationProvider"
99-->[androidx.emoji2:emoji2:1.4.0] AndroidManifest.xml:25:13-67
100            android:authorities="com.example.runningbeat.androidx-startup"
100-->[androidx.emoji2:emoji2:1.4.0] AndroidManifest.xml:26:13-68
101            android:exported="false" >
101-->[androidx.emoji2:emoji2:1.4.0] AndroidManifest.xml:27:13-37
102            <meta-data
102-->[androidx.emoji2:emoji2:1.4.0] AndroidManifest.xml:29:13-31:52
103                android:name="androidx.emoji2.text.EmojiCompatInitializer"
103-->[androidx.emoji2:emoji2:1.4.0] AndroidManifest.xml:30:17-75
104                android:value="androidx.startup" />
104-->[androidx.emoji2:emoji2:1.4.0] AndroidManifest.xml:31:17-49
105            <meta-data
105-->[androidx.lifecycle:lifecycle-process:2.9.4] AndroidManifest.xml:29:13-31:52
106                android:name="androidx.lifecycle.ProcessLifecycleInitializer"
106-->[androidx.lifecycle:lifecycle-process:2.9.4] AndroidManifest.xml:30:17-78
107                android:value="androidx.startup" />
107-->[androidx.lifecycle:lifecycle-process:2.9.4] AndroidManifest.xml:31:17-49
108            <meta-data
108-->[androidx.profileinstaller:profileinstaller:1.4.0] AndroidManifest.xml:29:13-31:52
109                android:name="androidx.profileinstaller.ProfileInstallerInitializer"
109-->[androidx.profileinstaller:profileinstaller:1.4.0] AndroidManifest.xml:30:17-85
110                android:value="androidx.startup" />
110-->[androidx.profileinstaller:profileinstaller:1.4.0] AndroidManifest.xml:31:17-49
111        </provider>
112
113        <uses-library
113-->[androidx.window:window:1.5.0] AndroidManifest.xml:23:9-25:40
114            android:name="androidx.window.extensions"
114-->[androidx.window:window:1.5.0] AndroidManifest.xml:24:13-54
115            android:required="false" />
115-->[androidx.window:window:1.5.0] AndroidManifest.xml:25:13-37
116        <uses-library
116-->[androidx.window:window:1.5.0] AndroidManifest.xml:26:9-28:40
117            android:name="androidx.window.sidecar"
117-->[androidx.window:window:1.5.0] AndroidManifest.xml:27:13-51
118            android:required="false" />
118-->[androidx.window:window:1.5.0] AndroidManifest.xml:28:13-37
119
120        <receiver
120-->[androidx.profileinstaller:profileinstaller:1.4.0] AndroidManifest.xml:34:9-52:20
121            android:name="androidx.profileinstaller.ProfileInstallReceiver"
121-->[androidx.profileinstaller:profileinstaller:1.4.0] AndroidManifest.xml:35:13-76
122            android:directBootAware="false"
122-->[androidx.profileinstaller:profileinstaller:1.4.0] AndroidManifest.xml:36:13-44
123            android:enabled="true"
123-->[androidx.profileinstaller:profileinstaller:1.4.0] AndroidManifest.xml:37:13-35
124            android:exported="true"
124-->[androidx.profileinstaller:profileinstaller:1.4.0] AndroidManifest.xml:38:13-36
125            android:permission="android.permission.DUMP" >
125-->[androidx.profileinstaller:profileinstaller:1.4.0] AndroidManifest.xml:39:13-57
126            <intent-filter>
126-->[androidx.profileinstaller:profileinstaller:1.4.0] AndroidManifest.xml:40:13-42:29
127                <action android:name="androidx.profileinstaller.action.INSTALL_PROFILE" />
127-->[androidx.profileinstaller:profileinstaller:1.4.0] AndroidManifest.xml:41:17-91
127-->[androidx.profileinstaller:profileinstaller:1.4.0] AndroidManifest.xml:41:25-88
128            </intent-filter>
129            <intent-filter>
129-->[androidx.profileinstaller:profileinstaller:1.4.0] AndroidManifest.xml:43:13-45:29
130                <action android:name="androidx.profileinstaller.action.SKIP_FILE" />
130-->[androidx.profileinstaller:profileinstaller:1.4.0] AndroidManifest.xml:44:17-85
130-->[androidx.profileinstaller:profileinstaller:1.4.0] AndroidManifest.xml:44:25-82
131            </intent-filter>
132            <intent-filter>
132-->[androidx.profileinstaller:profileinstaller:1.4.0] AndroidManifest.xml:46:13-48:29
133                <action android:name="androidx.profileinstaller.action.SAVE_PROFILE" />
133-->[androidx.profileinstaller:profileinstaller:1.4.0] AndroidManifest.xml:47:17-88
133-->[androidx.profileinstaller:profileinstaller:1.4.0] AndroidManifest.xml:47:25-85
134            </intent-filter>
135            <intent-filter>
135-->[androidx.profileinstaller:profileinstaller:1.4.0] AndroidManifest.xml:49:13-51:29
136                <action android:name="androidx.profileinstaller.action.BENCHMARK_OPERATION" />
136-->[androidx.profileinstaller:profileinstaller:1.4.0] AndroidManifest.xml:50:17-95
136-->[androidx.profileinstaller:profileinstaller:1.4.0] AndroidManifest.xml:50:25-92
137            </intent-filter>
138        </receiver>
139    </application>
140
141</manifest>